<?xml version="1.0" encoding="UTF-8" standalone="yes"?>
<testsuites name="New Test Suite" time="73" tests="2" failures="0" errors="0">
    <testsuite name="New Test Suite" tests="2" failures="0" errors="0" time="73" timestamp="2019-07-15 15:13:21" hostname="Sana Mulla - 10.172.7.189" id="Test Suites/New Test Suite">
        <properties>
            <property name="deviceName" value=""/>
            <property name="devicePlatform" value=""/>
            <property name="logFolder" value="C:\\Users\\Sana Mulla\\Katalon Studio\\test\\Reports\\New Test Suite\\20190715_151314"/>
            <property name="logFiles" value="C:\\Users\\Sana Mulla\\Katalon Studio\\test\\Reports\\New Test Suite\\20190715_151314\\execution0.log"/>
            <property name="attachments" value=""/>
            <property name="hostName" value="Sana Mulla - 10.172.7.189"/>
            <property name="os" value="Windows 10 64bit"/>
            <property name="katalonVersion" value="6.2.1.2"/>
            <property name="browser" value="Firefox 67.0"/>
            <property name="hostAddress" value="10.172.7.189"/>
            <property name="sessionId" value="b9cc203c-03aa-4975-a5fa-6bf1ca295602"/>
            <property name="seleniumVersion" value="3.141.59"/>
            <property name="proxyInformation" value="ProxyInformation{proxyOption=NO_PROXY, proxyServerType=HTTP, password=, proxyServerAddress=, proxyServerPort=0}"/>
            <property name="platform" value="Windows 10"/>
        </properties>
        <testcase name="Test Cases/fynd1" classname="Test Cases/fynd1" status="PASSED">
            <system-out>2019-07-15 15:13:21 - [TEST_CASE][PASSED] - Test Cases/fynd1: Test Cases/fynd1&#xD;
&#xD;
2019-07-15 15:13:22 - [TEST_STEP][PASSED] - openBrowser(""): Browser is opened with url: ''&#xD;
&#xD;
2019-07-15 15:13:22 - [MESSAGE][INFO] - Starting 'Firefox' driver&#xD;
&#xD;
2019-07-15 15:13:22 - [MESSAGE][INFO] - Action delay is set to 1 seconds&#xD;
&#xD;
2019-07-15 15:13:30 - [MESSAGE][PASSED] - Browser is opened with url: ''&#xD;
&#xD;
2019-07-15 15:13:30 - [TEST_STEP][PASSED] - navigateToUrl("https://www.fynd.com/"): Navigate to 'https://www.fynd.com/' successfully&#xD;
&#xD;
2019-07-15 15:13:36 - [MESSAGE][PASSED] - Navigate to 'https://www.fynd.com/' successfully&#xD;
&#xD;
2019-07-15 15:13:36 - [TEST_STEP][PASSED] - click(findTestObject("Object Repository/Page_Fynd  Online shopping/a_Brands")): Object: 'Object Repository/Page_Fynd  Online shopping/a_Brands' is clicked on&#xD;
&#xD;
2019-07-15 15:13:39 - [MESSAGE][PASSED] - Object: 'Object Repository/Page_Fynd  Online shopping/a_Brands' is clicked on&#xD;
&#xD;
2019-07-15 15:13:39 - [TEST_STEP][PASSED] - click(findTestObject("Object Repository/Page_Fynd  Online shopping/a_Kids")): Object: 'Object Repository/Page_Fynd  Online shopping/a_Kids' is clicked on&#xD;
&#xD;
2019-07-15 15:13:42 - [MESSAGE][PASSED] - Object: 'Object Repository/Page_Fynd  Online shopping/a_Kids' is clicked on&#xD;
&#xD;
2019-07-15 15:13:42 - [TEST_STEP][PASSED] - click(findTestObject("Object Repository/Page_Fynd  Online shopping/a_612 League")): Object: 'Object Repository/Page_Fynd  Online shopping/a_612 League' is clicked on&#xD;
&#xD;
2019-07-15 15:13:44 - [MESSAGE][PASSED] - Object: 'Object Repository/Page_Fynd  Online shopping/a_612 League' is clicked on&#xD;
&#xD;
2019-07-15 15:13:44 - [TEST_STEP][PASSED] - click(findTestObject("Object Repository/Page_Fynd  Online shopping/img_(2)_fy-lazy-img in-view-port loaded")): Object: 'Object Repository/Page_Fynd  Online shopping/img_(2)_fy-lazy-img in-view-port loaded' is clicked on&#xD;
&#xD;
2019-07-15 15:13:47 - [MESSAGE][PASSED] - Object: 'Object Repository/Page_Fynd  Online shopping/img_(2)_fy-lazy-img in-view-port loaded' is clicked on&#xD;
&#xD;
2019-07-15 15:13:47 - [TEST_STEP][PASSED] - switchToWindowTitle("Buy 612 League Blue Checked Shirt for Kids Online | Fynd"): Switched to window with title: 'Buy 612 League Blue Checked Shirt for Kids Online | Fynd'&#xD;
&#xD;
2019-07-15 15:13:52 - [MESSAGE][PASSED] - Switched to window with title: 'Buy 612 League Blue Checked Shirt for Kids Online | Fynd'&#xD;
&#xD;
2019-07-15 15:13:52 - [TEST_STEP][PASSED] - closeBrowser(): Browser is closed&#xD;
&#xD;
2019-07-15 15:13:55 - [MESSAGE][PASSED] - Browser is closed</system-out>
            <system-err></system-err>
        </testcase>
        <testcase name="Test Cases/New Test Case (1)" classname="Test Cases/New Test Case (1)" status="PASSED">
            <system-out>2019-07-15 15:13:55 - [TEST_CASE][PASSED] - Test Cases/New Test Case (1): Test Cases/New Test Case (1)&#xD;
&#xD;
2019-07-15 15:13:55 - [TEST_STEP][PASSED] - openBrowser(""): Browser is opened with url: ''&#xD;
&#xD;
2019-07-15 15:13:55 - [MESSAGE][INFO] - Starting 'Firefox' driver&#xD;
&#xD;
2019-07-15 15:14:02 - [MESSAGE][PASSED] - Browser is opened with url: ''&#xD;
&#xD;
2019-07-15 15:14:02 - [TEST_STEP][PASSED] - navigateToUrl("https://wb.fynd.com/signin"): Navigate to 'https://wb.fynd.com/signin' successfully&#xD;
&#xD;
2019-07-15 15:14:08 - [MESSAGE][PASSED] - Navigate to 'https://wb.fynd.com/signin' successfully&#xD;
&#xD;
2019-07-15 15:14:08 - [TEST_STEP][PASSED] - setText(findTestObject("Object Repository/Page_Workbench - Data and ML product suite/input_Email_email"), "sanamulla@gofynd.com"): Text 'sanamulla@gofynd.com' is set on object 'Object Repository/Page_Workbench - Data and ML product suite/input_Email_email'&#xD;
&#xD;
2019-07-15 15:14:12 - [MESSAGE][PASSED] - Text 'sanamulla@gofynd.com' is set on object 'Object Repository/Page_Workbench - Data and ML product suite/input_Email_email'&#xD;
&#xD;
2019-07-15 15:14:12 - [TEST_STEP][PASSED] - setEncryptedText(findTestObject("Object Repository/Page_Workbench - Data and ML product suite/input_Password_password"), "XGTRhfuJCtyxiQu+Byrp7A=="): Text ****** has been set on object 'Object Repository/Page_Workbench - Data and ML product suite/input_Password_password'&#xD;
&#xD;
2019-07-15 15:14:15 - [MESSAGE][PASSED] - Text ****** has been set on object 'Object Repository/Page_Workbench - Data and ML product suite/input_Password_password'&#xD;
&#xD;
2019-07-15 15:14:15 - [TEST_STEP][PASSED] - click(findTestObject("Object Repository/Page_Workbench - Data and ML product suite/span_Log in")): Object: 'Object Repository/Page_Workbench - Data and ML product suite/span_Log in' is clicked on&#xD;
&#xD;
2019-07-15 15:14:17 - [MESSAGE][PASSED] - Object: 'Object Repository/Page_Workbench - Data and ML product suite/span_Log in' is clicked on&#xD;
&#xD;
2019-07-15 15:14:17 - [TEST_STEP][PASSED] - click(findTestObject("Object Repository/Page_Workbench - Data and ML product suite/button_Lets Go")): Object: 'Object Repository/Page_Workbench - Data and ML product suite/button_Lets Go' is clicked on&#xD;
&#xD;
2019-07-15 15:14:20 - [MESSAGE][PASSED] - Object: 'Object Repository/Page_Workbench - Data and ML product suite/button_Lets Go' is clicked on&#xD;
&#xD;
2019-07-15 15:14:20 - [TEST_STEP][PASSED] - click(findTestObject("Object Repository/Page_Workbench - Data and ML product suite/span_CityMongo1")): Object: 'Object Repository/Page_Workbench - Data and ML product suite/span_CityMongo1' is clicked on&#xD;
&#xD;
2019-07-15 15:14:22 - [MESSAGE][PASSED] - Object: 'Object Repository/Page_Workbench - Data and ML product suite/span_CityMongo1' is clicked on&#xD;
&#xD;
2019-07-15 15:14:22 - [TEST_STEP][PASSED] - click(findTestObject("Object Repository/Page_Workbench - Data and ML product suite/button_ExecuteExisting")): Object: 'Object Repository/Page_Workbench - Data and ML product suite/button_ExecuteExisting' is clicked on&#xD;
&#xD;
2019-07-15 15:14:24 - [MESSAGE][PASSED] - Object: 'Object Repository/Page_Workbench - Data and ML product suite/button_ExecuteExisting' is clicked on&#xD;
&#xD;
2019-07-15 15:14:24 - [TEST_STEP][PASSED] - click(findTestObject("Object Repository/Page_Workbench - Data and ML product suite/button_Execute")): Object: 'Object Repository/Page_Workbench - Data and ML product suite/button_Execute' is clicked on&#xD;
&#xD;
2019-07-15 15:14:27 - [MESSAGE][PASSED] - Object: 'Object Repository/Page_Workbench - Data and ML product suite/button_Execute' is clicked on&#xD;
&#xD;
2019-07-15 15:14:27 - [TEST_STEP][PASSED] - click(findTestObject("Object Repository/Page_Workbench - Data and ML product suite/button_Edit API")): Object: 'Object Repository/Page_Workbench - Data and ML product suite/button_Edit API' is clicked on&#xD;
&#xD;
2019-07-15 15:14:29 - [MESSAGE][PASSED] - Object: 'Object Repository/Page_Workbench - Data and ML product suite/button_Edit API' is clicked on&#xD;
&#xD;
2019-07-15 15:14:29 - [TEST_STEP][PASSED] - click(findTestObject("Object Repository/Page_Workbench - Data and ML product suite/button_Test Query")): Object: 'Object Repository/Page_Workbench - Data and ML product suite/button_Test Query' is clicked on&#xD;
&#xD;
2019-07-15 15:14:31 - [MESSAGE][PASSED] - Object: 'Object Repository/Page_Workbench - Data and ML product suite/button_Test Query' is clicked on&#xD;
&#xD;
2019-07-15 15:14:31 - [TEST_STEP][PASSED] - closeBrowser(): Browser is closed&#xD;
&#xD;
2019-07-15 15:14:34 - [MESSAGE][PASSED] - Browser is closed</system-out>
            <system-err></system-err>
        </testcase>
        <system-out>2019-07-15 15:13:21 - [TEST_SUITE][INCOMPLETE] - New Test Suite: null</system-out>
        <system-err>2019-07-15 15:13:21 - [TEST_SUITE][INCOMPLETE] - New Test Suite: null</system-err>
    </testsuite>
</testsuites>
